# JRE version: OpenJDK Runtime Environment Temurin-21.0.8+9 (21.0.8+9) (build 21.0.8+9-LTS)
# Java VM: OpenJDK 64-Bit Server VM Temurin-21.0.8+9 (21.0.8+9-LTS, mixed mode, sharing, tiered, compressed oops, compressed class ptrs, parallel gc, windows-amd64)
GC Precious Log:
 CardTable entry size: 512
 CPUs: 12 total, 12 available
 Memory: 16108M
 Large Page Support: Disabled
 NUMA Support: Disabled
 Compressed Oops: Enabled (32-bit)
 Alignments: Space 512K, Generation 512K, Heap 2M
 Heap Min Capacity: 100M
 Heap Initial Capacity: 100M
 Heap Max Capacity: 2G
 Pre-touch: Disabled
 Parallel Workers: 10
Heap:
 PSYoungGen      total 10240K, used 10107K [0x00000000d5580000, 0x00000000d6080000, 0x0000000100000000)
  eden space 9216K, 98% used [0x00000000d5580000,0x00000000d5e66ec8,0x00000000d5e80000)
  from space 1024K, 96% used [0x00000000d5f00000,0x00000000d5ff8020,0x00000000d6000000)
  to   space 512K, 0% used [0x00000000d6000000,0x00000000d6000000,0x00000000d6080000)
 ParOldGen       total 1349120K, used 1348635K [0x0000000080000000, 0x00000000d2580000, 0x00000000d5580000)
  object space 1349120K, 99% used [0x0000000080000000,0x00000000d2506f08,0x00000000d2580000)
 Metaspace       used 84527K, committed 86208K, reserved 1179648K
  class space    used 8422K, committed 9216K, reserved 1048576K
GC Heap History (20 events):
Event: 1492.364 GC heap before
{Heap before GC invocations=3447 (full 5):
 PSYoungGen      total 10240K, used 10176K [0x00000000d5580000, 0x00000000d6380000, 0x0000000100000000)
  eden space 9216K, 100% used [0x00000000d5580000,0x00000000d5e80000,0x00000000d5e80000)
  from space 1024K, 93% used [0x00000000d6180000,0x00000000d6270020,0x00000000d6280000)
  to   space 1024K, 0% used [0x00000000d6280000,0x00000000d6280000,0x00000000d6380000)
 ParOldGen       total 1340416K, used 1340192K [0x0000000080000000, 0x00000000d1d00000, 0x00000000d5580000)
  object space 1340416K, 99% used [0x0000000080000000,0x00000000d1cc83a0,0x00000000d1d00000)
 Metaspace       used 84525K, committed 86208K, reserved 1179648K
  class space    used 8422K, committed 9216K, reserved 1048576K
}
Event: 1492.368 GC heap after
{Heap after GC invocations=3447 (full 5):
 PSYoungGen      total 10240K, used 864K [0x00000000d5580000, 0x00000000d6380000, 0x0000000100000000)
  eden space 9216K, 0% used [0x00000000d5580000,0x00000000d5580000,0x00000000d5e80000)
  from space 1024K, 84% used [0x00000000d6280000,0x00000000d6358040,0x00000000d6380000)
  to   space 1024K, 0% used [0x00000000d6180000,0x00000000d6180000,0x00000000d6280000)
 ParOldGen       total 1341440K, used 1341021K [0x0000000080000000, 0x00000000d1e00000, 0x00000000d5580000)
  object space 1341440K, 99% used [0x0000000080000000,0x00000000d1d976a8,0x00000000d1e00000)
 Metaspace       used 84525K, committed 86208K, reserved 1179648K
  class space    used 8422K, committed 9216K, reserved 1048576K
}
Event: 1492.382 GC heap before
{Heap before GC invocations=3448 (full 5):
 PSYoungGen      total 10240K, used 10080K [0x00000000d5580000, 0x00000000d6380000, 0x0000000100000000)
  eden space 9216K, 100% used [0x00000000d5580000,0x00000000d5e80000,0x00000000d5e80000)
  from space 1024K, 84% used [0x00000000d6280000,0x00000000d6358040,0x00000000d6380000)
  to   space 1024K, 0% used [0x00000000d6180000,0x00000000d6180000,0x00000000d6280000)
 ParOldGen       total 1341440K, used 1341021K [0x0000000080000000, 0x00000000d1e00000, 0x00000000d5580000)
  object space 1341440K, 99% used [0x0000000080000000,0x00000000d1d976a8,0x00000000d1e00000)
 Metaspace       used 84525K, committed 86208K, reserved 1179648K
  class space    used 8422K, committed 9216K, reserved 1048576K
}
Event: 1492.387 GC heap after
{Heap after GC invocations=3448 (full 5):
 PSYoungGen      total 10240K, used 896K [0x00000000d5580000, 0x00000000d6300000, 0x0000000100000000)
  eden space 9216K, 0% used [0x00000000d5580000,0x00000000d5580000,0x00000000d5e80000)
  from space 1024K, 87% used [0x00000000d6180000,0x00000000d6260020,0x00000000d6280000)
  to   space 512K, 0% used [0x00000000d6280000,0x00000000d6280000,0x00000000d6300000)
 ParOldGen       total 1341952K, used 1341721K [0x0000000080000000, 0x00000000d1e80000, 0x00000000d5580000)
  object space 1341952K, 99% used [0x0000000080000000,0x00000000d1e466f8,0x00000000d1e80000)
 Metaspace       used 84525K, committed 86208K, reserved 1179648K
  class space    used 8422K, committed 9216K, reserved 1048576K
}
Event: 1492.401 GC heap before
{Heap before GC invocations=3449 (full 5):
 PSYoungGen      total 10240K, used 10112K [0x00000000d5580000, 0x00000000d6300000, 0x0000000100000000)
  eden space 9216K, 100% used [0x00000000d5580000,0x00000000d5e80000,0x00000000d5e80000)
  from space 1024K, 87% used [0x00000000d6180000,0x00000000d6260020,0x00000000d6280000)
  to   space 512K, 0% used [0x00000000d6280000,0x00000000d6280000,0x00000000d6300000)
 ParOldGen       total 1341952K, used 1341721K [0x0000000080000000, 0x00000000d1e80000, 0x00000000d5580000)
  object space 1341952K, 99% used [0x0000000080000000,0x00000000d1e466f8,0x00000000d1e80000)
 Metaspace       used 84525K, committed 86208K, reserved 1179648K
  class space    used 8422K, committed 9216K, reserved 1048576K
}
Event: 1492.406 GC heap after
{Heap after GC invocations=3449 (full 5):
 PSYoungGen      total 9728K, used 480K [0x00000000d5580000, 0x00000000d6300000, 0x0000000100000000)
  eden space 9216K, 0% used [0x00000000d5580000,0x00000000d5580000,0x00000000d5e80000)
  from space 512K, 93% used [0x00000000d6280000,0x00000000d62f8020,0x00000000d6300000)
  to   space 2048K, 0% used [0x00000000d5f00000,0x00000000d5f00000,0x00000000d6100000)
 ParOldGen       total 1342976K, used 1342937K [0x0000000080000000, 0x00000000d1f80000, 0x00000000d5580000)
  object space 1342976K, 99% used [0x0000000080000000,0x00000000d1f76718,0x00000000d1f80000)
 Metaspace       used 84525K, committed 86208K, reserved 1179648K
  class space    used 8422K, committed 9216K, reserved 1048576K
}
Event: 1492.461 GC heap before
{Heap before GC invocations=3450 (full 5):
 PSYoungGen      total 9728K, used 9696K [0x00000000d5580000, 0x00000000d6300000, 0x0000000100000000)
  eden space 9216K, 100% used [0x00000000d5580000,0x00000000d5e80000,0x00000000d5e80000)
  from space 512K, 93% used [0x00000000d6280000,0x00000000d62f8020,0x00000000d6300000)
  to   space 2048K, 0% used [0x00000000d5f00000,0x00000000d5f00000,0x00000000d6100000)
 ParOldGen       total 1342976K, used 1342937K [0x0000000080000000, 0x00000000d1f80000, 0x00000000d5580000)
  object space 1342976K, 99% used [0x0000000080000000,0x00000000d1f76718,0x00000000d1f80000)
 Metaspace       used 84526K, committed 86208K, reserved 1179648K
  class space    used 8422K, committed 9216K, reserved 1048576K
}
Event: 1492.467 GC heap after
{Heap after GC invocations=3450 (full 5):
 PSYoungGen      total 11264K, used 1671K [0x00000000d5580000, 0x00000000d6300000, 0x0000000100000000)
  eden space 9216K, 0% used [0x00000000d5580000,0x00000000d5580000,0x00000000d5e80000)
  from space 2048K, 81% used [0x00000000d5f00000,0x00000000d60a1de0,0x00000000d6100000)
  to   space 2048K, 0% used [0x00000000d6100000,0x00000000d6100000,0x00000000d6300000)
 ParOldGen       total 1343488K, used 1343425K [0x0000000080000000, 0x00000000d2000000, 0x00000000d5580000)
  object space 1343488K, 99% used [0x0000000080000000,0x00000000d1ff0738,0x00000000d2000000)
 Metaspace       used 84526K, committed 86208K, reserved 1179648K
  class space    used 8422K, committed 9216K, reserved 1048576K
}
Event: 1493.508 GC heap before
{Heap before GC invocations=3451 (full 5):
 PSYoungGen      total 11264K, used 10887K [0x00000000d5580000, 0x00000000d6300000, 0x0000000100000000)
  eden space 9216K, 100% used [0x00000000d5580000,0x00000000d5e80000,0x00000000d5e80000)
  from space 2048K, 81% used [0x00000000d5f00000,0x00000000d60a1de0,0x00000000d6100000)
  to   space 2048K, 0% used [0x00000000d6100000,0x00000000d6100000,0x00000000d6300000)
 ParOldGen       total 1343488K, used 1343425K [0x0000000080000000, 0x00000000d2000000, 0x00000000d5580000)
  object space 1343488K, 99% used [0x0000000080000000,0x00000000d1ff0738,0x00000000d2000000)
 Metaspace       used 84527K, committed 86208K, reserved 1179648K
  class space    used 8422K, committed 9216K, reserved 1048576K
}
Event: 1493.514 GC heap after
{Heap after GC invocations=3451 (full 5):
 PSYoungGen      total 9728K, used 378K [0x00000000d5580000, 0x00000000d6180000, 0x0000000100000000)
  eden space 9216K, 0% used [0x00000000d5580000,0x00000000d5580000,0x00000000d5e80000)
  from space 512K, 73% used [0x00000000d6100000,0x00000000d615eb40,0x00000000d6180000)
  to   space 1024K, 0% used [0x00000000d5f80000,0x00000000d5f80000,0x00000000d6080000)
 ParOldGen       total 1345024K, used 1344949K [0x0000000080000000, 0x00000000d2180000, 0x00000000d5580000)
  object space 1345024K, 99% used [0x0000000080000000,0x00000000d216d6d8,0x00000000d2180000)
 Metaspace       used 84527K, committed 86208K, reserved 1179648K
  class space    used 8422K, committed 9216K, reserved 1048576K
}
Event: 1493.557 GC heap before
{Heap before GC invocations=3452 (full 5):
 PSYoungGen      total 9728K, used 9594K [0x00000000d5580000, 0x00000000d6180000, 0x0000000100000000)
  eden space 9216K, 100% used [0x00000000d5580000,0x00000000d5e80000,0x00000000d5e80000)
  from space 512K, 73% used [0x00000000d6100000,0x00000000d615eb40,0x00000000d6180000)
  to   space 1024K, 0% used [0x00000000d5f80000,0x00000000d5f80000,0x00000000d6080000)
 ParOldGen       total 1345024K, used 1344949K [0x0000000080000000, 0x00000000d2180000, 0x00000000d5580000)
  object space 1345024K, 99% used [0x0000000080000000,0x00000000d216d6d8,0x00000000d2180000)
 Metaspace       used 84527K, committed 86208K, reserved 1179648K
  class space    used 8422K, committed 9216K, reserved 1048576K
}
Event: 1493.562 GC heap after
{Heap after GC invocations=3452 (full 5):
 PSYoungGen      total 10240K, used 996K [0x00000000d5580000, 0x00000000d6280000, 0x0000000100000000)
  eden space 9216K, 0% used [0x00000000d5580000,0x00000000d5580000,0x00000000d5e80000)
  from space 1024K, 97% used [0x00000000d5f80000,0x00000000d6079210,0x00000000d6080000)
  to   space 2048K, 0% used [0x00000000d6080000,0x00000000d6080000,0x00000000d6280000)
 ParOldGen       total 1345536K, used 1345312K [0x0000000080000000, 0x00000000d2200000, 0x00000000d5580000)
  object space 1345536K, 99% used [0x0000000080000000,0x00000000d21c8228,0x00000000d2200000)
 Metaspace       used 84527K, committed 86208K, reserved 1179648K
  class space    used 8422K, committed 9216K, reserved 1048576K
}
Event: 1493.595 GC heap before
{Heap before GC invocations=3453 (full 5):
 PSYoungGen      total 10240K, used 10212K [0x00000000d5580000, 0x00000000d6280000, 0x0000000100000000)
  eden space 9216K, 100% used [0x00000000d5580000,0x00000000d5e80000,0x00000000d5e80000)
  from space 1024K, 97% used [0x00000000d5f80000,0x00000000d6079210,0x00000000d6080000)
  to   space 2048K, 0% used [0x00000000d6080000,0x00000000d6080000,0x00000000d6280000)
 ParOldGen       total 1345536K, used 1345312K [0x0000000080000000, 0x00000000d2200000, 0x00000000d5580000)
  object space 1345536K, 99% used [0x0000000080000000,0x00000000d21c8228,0x00000000d2200000)
 Metaspace       used 84527K, committed 86208K, reserved 1179648K
  class space    used 8422K, committed 9216K, reserved 1048576K
}
Event: 1493.600 GC heap after
{Heap after GC invocations=3453 (full 5):
 PSYoungGen      total 10240K, used 896K [0x00000000d5580000, 0x00000000d6180000, 0x0000000100000000)
  eden space 9216K, 0% used [0x00000000d5580000,0x00000000d5580000,0x00000000d5e80000)
  from space 1024K, 87% used [0x00000000d6080000,0x00000000d6160040,0x00000000d6180000)
  to   space 1536K, 0% used [0x00000000d5e80000,0x00000000d5e80000,0x00000000d6000000)
 ParOldGen       total 1346560K, used 1346342K [0x0000000080000000, 0x00000000d2300000, 0x00000000d5580000)
  object space 1346560K, 99% used [0x0000000080000000,0x00000000d22c9bc0,0x00000000d2300000)
 Metaspace       used 84527K, committed 86208K, reserved 1179648K
  class space    used 8422K, committed 9216K, reserved 1048576K
}
Event: 1493.665 GC heap before
{Heap before GC invocations=3454 (full 5):
 PSYoungGen      total 10240K, used 10112K [0x00000000d5580000, 0x00000000d6180000, 0x0000000100000000)
  eden space 9216K, 100% used [0x00000000d5580000,0x00000000d5e80000,0x00000000d5e80000)
  from space 1024K, 87% used [0x00000000d6080000,0x00000000d6160040,0x00000000d6180000)
  to   space 1536K, 0% used [0x00000000d5e80000,0x00000000d5e80000,0x00000000d6000000)
 ParOldGen       total 1346560K, used 1346342K [0x0000000080000000, 0x00000000d2300000, 0x00000000d5580000)
  object space 1346560K, 99% used [0x0000000080000000,0x00000000d22c9bc0,0x00000000d2300000)
 Metaspace       used 84527K, committed 86208K, reserved 1179648K
  class space    used 8422K, committed 9216K, reserved 1048576K
}
Event: 1493.670 GC heap after
{Heap after GC invocations=3454 (full 5):
 PSYoungGen      total 10752K, used 896K [0x00000000d5580000, 0x00000000d6100000, 0x0000000100000000)
  eden space 9216K, 0% used [0x00000000d5580000,0x00000000d5580000,0x00000000d5e80000)
  from space 1536K, 58% used [0x00000000d5e80000,0x00000000d5f60020,0x00000000d6000000)
  to   space 1024K, 0% used [0x00000000d6000000,0x00000000d6000000,0x00000000d6100000)
 ParOldGen       total 1347584K, used 1347075K [0x0000000080000000, 0x00000000d2400000, 0x00000000d5580000)
  object space 1347584K, 99% used [0x0000000080000000,0x00000000d2380ea8,0x00000000d2400000)
 Metaspace       used 84527K, committed 86208K, reserved 1179648K
  class space    used 8422K, committed 9216K, reserved 1048576K
}
Event: 1493.687 GC heap before
{Heap before GC invocations=3455 (full 5):
 PSYoungGen      total 10752K, used 10112K [0x00000000d5580000, 0x00000000d6100000, 0x0000000100000000)
  eden space 9216K, 100% used [0x00000000d5580000,0x00000000d5e80000,0x00000000d5e80000)
  from space 1536K, 58% used [0x00000000d5e80000,0x00000000d5f60020,0x00000000d6000000)
  to   space 1024K, 0% used [0x00000000d6000000,0x00000000d6000000,0x00000000d6100000)
 ParOldGen       total 1347584K, used 1347075K [0x0000000080000000, 0x00000000d2400000, 0x00000000d5580000)
  object space 1347584K, 99% used [0x0000000080000000,0x00000000d2380ea8,0x00000000d2400000)
 Metaspace       used 84527K, committed 86208K, reserved 1179648K
  class space    used 8422K, committed 9216K, reserved 1048576K
}
Event: 1493.692 GC heap after
{Heap after GC invocations=3455 (full 5):
 PSYoungGen      total 10240K, used 928K [0x00000000d5580000, 0x00000000d6100000, 0x0000000100000000)
  eden space 9216K, 0% used [0x00000000d5580000,0x00000000d5580000,0x00000000d5e80000)
  from space 1024K, 90% used [0x00000000d6000000,0x00000000d60e8020,0x00000000d6100000)
  to   space 1024K, 0% used [0x00000000d5f00000,0x00000000d5f00000,0x00000000d6000000)
 ParOldGen       total 1348096K, used 1347819K [0x0000000080000000, 0x00000000d2480000, 0x00000000d5580000)
  object space 1348096K, 99% used [0x0000000080000000,0x00000000d243aee8,0x00000000d2480000)
 Metaspace       used 84527K, committed 86208K, reserved 1179648K
  class space    used 8422K, committed 9216K, reserved 1048576K
}
Event: 1493.710 GC heap before
{Heap before GC invocations=3456 (full 5):
 PSYoungGen      total 10240K, used 10144K [0x00000000d5580000, 0x00000000d6100000, 0x0000000100000000)
  eden space 9216K, 100% used [0x00000000d5580000,0x00000000d5e80000,0x00000000d5e80000)
  from space 1024K, 90% used [0x00000000d6000000,0x00000000d60e8020,0x00000000d6100000)
  to   space 1024K, 0% used [0x00000000d5f00000,0x00000000d5f00000,0x00000000d6000000)
 ParOldGen       total 1348096K, used 1347819K [0x0000000080000000, 0x00000000d2480000, 0x00000000d5580000)
  object space 1348096K, 99% used [0x0000000080000000,0x00000000d243aee8,0x00000000d2480000)
 Metaspace       used 84527K, committed 86208K, reserved 1179648K
  class space    used 8422K, committed 9216K, reserved 1048576K
}
Event: 1493.715 GC heap after
{Heap after GC invocations=3456 (full 5):
 PSYoungGen      total 10240K, used 992K [0x00000000d5580000, 0x00000000d6080000, 0x0000000100000000)
  eden space 9216K, 0% used [0x00000000d5580000,0x00000000d5580000,0x00000000d5e80000)
  from space 1024K, 96% used [0x00000000d5f00000,0x00000000d5ff8020,0x00000000d6000000)
  to   space 512K, 0% used [0x00000000d6000000,0x00000000d6000000,0x00000000d6080000)
 ParOldGen       total 1349120K, used 1348635K [0x0000000080000000, 0x00000000d2580000, 0x00000000d5580000)
  object space 1349120K, 99% used [0x0000000080000000,0x00000000d2506f08,0x00000000d2580000)
 Metaspace       used 84527K, committed 86208K, reserved 1179648K
  class space    used 8422K, committed 9216K, reserved 1048576K
}

