# JRE version: Java(TM) SE Runtime Environment (21.0.7+8) (build 21.0.7+8-LTS-245)
# Java VM: Java HotSpot(TM) 64-Bit Server VM (21.0.7+8-LTS-245, mixed mode, emulated-client, sharing, tiered, compressed oops, compressed class ptrs, g1 gc, windows-amd64)
GC Precious Log:
 CardTable entry size: 512
 Card Set container configuration: InlinePtr #cards 4 size 8 Array Of Cards #cards 16 size 48 Howl #buckets 8 coarsen threshold 3686 Howl Bitmap #cards 512 size 80 coarsen threshold 460 Card regions per heap region 1 cards per card region 4096
 CPUs: 12 total, 12 available
 Memory: 16108M
 Large Page Support: Disabled
 NUMA Support: Disabled
 Compressed Oops: Enabled (Zero based)
 Heap Region Size: 2M
 Heap Min Capacity: 8M
 Heap Initial Capacity: 252M
 Heap Max Capacity: 4028M
 Pre-touch: Disabled
 Parallel Workers: 10
 Concurrent Workers: 3
 Concurrent Refinement Workers: 10
 Periodic GC: Disabled
Heap:
 garbage-first heap   total 90112K, used 47094K [0x0000000704400000, 0x0000000800000000)
  region size 2048K, 2 young (4096K), 2 survivors (4096K)
 Metaspace       used 88862K, committed 89792K, reserved 1179648K
  class space    used 12263K, committed 12672K, reserved 1048576K
GC Heap History (20 events):
Event: 11.102 GC heap after
{Heap after GC invocations=9 (full 0):
 garbage-first heap   total 159744K, used 21467K [0x0000000704400000, 0x0000000800000000)
  region size 2048K, 3 young (6144K), 3 survivors (6144K)
 Metaspace       used 35721K, committed 36160K, reserved 1114112K
  class space    used 4541K, committed 4736K, reserved 1048576K
}
Event: 11.817 GC heap before
{Heap before GC invocations=10 (full 0):
 garbage-first heap   total 90112K, used 68571K [0x0000000704400000, 0x0000000800000000)
  region size 2048K, 26 young (53248K), 3 survivors (6144K)
 Metaspace       used 41784K, committed 42432K, reserved 1114112K
  class space    used 5317K, committed 5632K, reserved 1048576K
}
Event: 11.821 GC heap after
{Heap after GC invocations=11 (full 0):
 garbage-first heap   total 90112K, used 24639K [0x0000000704400000, 0x0000000800000000)
  region size 2048K, 4 young (8192K), 4 survivors (8192K)
 Metaspace       used 41784K, committed 42432K, reserved 1114112K
  class space    used 5317K, committed 5632K, reserved 1048576K
}
Event: 13.579 GC heap before
{Heap before GC invocations=11 (full 0):
 garbage-first heap   total 90112K, used 69695K [0x0000000704400000, 0x0000000800000000)
  region size 2048K, 26 young (53248K), 4 survivors (8192K)
 Metaspace       used 51261K, committed 51904K, reserved 1114112K
  class space    used 6691K, committed 6976K, reserved 1048576K
}
Event: 13.586 GC heap after
{Heap after GC invocations=12 (full 0):
 garbage-first heap   total 90112K, used 26497K [0x0000000704400000, 0x0000000800000000)
  region size 2048K, 4 young (8192K), 4 survivors (8192K)
 Metaspace       used 51261K, committed 51904K, reserved 1114112K
  class space    used 6691K, committed 6976K, reserved 1048576K
}
Event: 17.015 GC heap before
{Heap before GC invocations=12 (full 0):
 garbage-first heap   total 90112K, used 59265K [0x0000000704400000, 0x0000000800000000)
  region size 2048K, 21 young (43008K), 4 survivors (8192K)
 Metaspace       used 59835K, committed 60480K, reserved 1114112K
  class space    used 7782K, committed 8064K, reserved 1048576K
}
Event: 17.021 GC heap after
{Heap after GC invocations=13 (full 0):
 garbage-first heap   total 90112K, used 28986K [0x0000000704400000, 0x0000000800000000)
  region size 2048K, 3 young (6144K), 3 survivors (6144K)
 Metaspace       used 59835K, committed 60480K, reserved 1114112K
  class space    used 7782K, committed 8064K, reserved 1048576K
}
Event: 18.063 GC heap before
{Heap before GC invocations=14 (full 0):
 garbage-first heap   total 90112K, used 74042K [0x0000000704400000, 0x0000000800000000)
  region size 2048K, 26 young (53248K), 3 survivors (6144K)
 Metaspace       used 68996K, committed 69696K, reserved 1114112K
  class space    used 9198K, committed 9536K, reserved 1048576K
}
Event: 18.069 GC heap after
{Heap after GC invocations=15 (full 0):
 garbage-first heap   total 90112K, used 30989K [0x0000000704400000, 0x0000000800000000)
  region size 2048K, 3 young (6144K), 3 survivors (6144K)
 Metaspace       used 68996K, committed 69696K, reserved 1114112K
  class space    used 9198K, committed 9536K, reserved 1048576K
}
Event: 24.960 GC heap before
{Heap before GC invocations=15 (full 0):
 garbage-first heap   total 90112K, used 73997K [0x0000000704400000, 0x0000000800000000)
  region size 2048K, 25 young (51200K), 3 survivors (6144K)
 Metaspace       used 73034K, committed 73792K, reserved 1114112K
  class space    used 9835K, committed 10176K, reserved 1048576K
}
Event: 24.970 GC heap after
{Heap after GC invocations=16 (full 0):
 garbage-first heap   total 90112K, used 32913K [0x0000000704400000, 0x0000000800000000)
  region size 2048K, 4 young (8192K), 4 survivors (8192K)
 Metaspace       used 73034K, committed 73792K, reserved 1114112K
  class space    used 9835K, committed 10176K, reserved 1048576K
}
Event: 31.591 GC heap before
{Heap before GC invocations=16 (full 0):
 garbage-first heap   total 90112K, used 73873K [0x0000000704400000, 0x0000000800000000)
  region size 2048K, 24 young (49152K), 4 survivors (8192K)
 Metaspace       used 77517K, committed 78336K, reserved 1179648K
  class space    used 10412K, committed 10816K, reserved 1048576K
}
Event: 31.598 GC heap after
{Heap after GC invocations=17 (full 0):
 garbage-first heap   total 90112K, used 36373K [0x0000000704400000, 0x0000000800000000)
  region size 2048K, 3 young (6144K), 3 survivors (6144K)
 Metaspace       used 77517K, committed 78336K, reserved 1179648K
  class space    used 10412K, committed 10816K, reserved 1048576K
}
Event: 31.827 GC heap before
{Heap before GC invocations=17 (full 0):
 garbage-first heap   total 90112K, used 46613K [0x0000000704400000, 0x0000000800000000)
  region size 2048K, 9 young (18432K), 3 survivors (6144K)
 Metaspace       used 79144K, committed 79872K, reserved 1179648K
  class space    used 10729K, committed 11072K, reserved 1048576K
}
Event: 31.832 GC heap after
{Heap after GC invocations=18 (full 0):
 garbage-first heap   total 90112K, used 37735K [0x0000000704400000, 0x0000000800000000)
  region size 2048K, 1 young (2048K), 1 survivors (2048K)
 Metaspace       used 79144K, committed 79872K, reserved 1179648K
  class space    used 10729K, committed 11072K, reserved 1048576K
}
Event: 32.340 GC heap before
{Heap before GC invocations=19 (full 0):
 garbage-first heap   total 90112K, used 78695K [0x0000000704400000, 0x0000000800000000)
  region size 2048K, 21 young (43008K), 1 survivors (2048K)
 Metaspace       used 82747K, committed 83584K, reserved 1179648K
  class space    used 11394K, committed 11776K, reserved 1048576K
}
Event: 32.343 GC heap after
{Heap after GC invocations=20 (full 0):
 garbage-first heap   total 90112K, used 40123K [0x0000000704400000, 0x0000000800000000)
  region size 2048K, 2 young (4096K), 2 survivors (4096K)
 Metaspace       used 82747K, committed 83584K, reserved 1179648K
  class space    used 11394K, committed 11776K, reserved 1048576K
}
Event: 32.873 GC heap before
{Heap before GC invocations=20 (full 0):
 garbage-first heap   total 90112K, used 79035K [0x0000000704400000, 0x0000000800000000)
  region size 2048K, 21 young (43008K), 2 survivors (4096K)
 Metaspace       used 85675K, committed 86592K, reserved 1179648K
  class space    used 11798K, committed 12224K, reserved 1048576K
}
Event: 32.879 GC heap after
{Heap after GC invocations=21 (full 0):
 garbage-first heap   total 90112K, used 43052K [0x0000000704400000, 0x0000000800000000)
  region size 2048K, 3 young (6144K), 3 survivors (6144K)
 Metaspace       used 85675K, committed 86592K, reserved 1179648K
  class space    used 11798K, committed 12224K, reserved 1048576K
}
Event: 37.602 GC heap before
{Heap before GC invocations=21 (full 0):
 garbage-first heap   total 90112K, used 75820K [0x0000000704400000, 0x0000000800000000)
  region size 2048K, 19 young (38912K), 3 survivors (6144K)
 Metaspace       used 88862K, committed 89792K, reserved 1179648K
  class space    used 12263K, committed 12672K, reserved 1048576K
}

