# JRE version: OpenJDK Runtime Environment Temurin-21.0.8+9 (21.0.8+9) (build 21.0.8+9-LTS)
# Java VM: OpenJDK 64-Bit Server VM Temurin-21.0.8+9 (21.0.8+9-LTS, mixed mode, sharing, tiered, compressed oops, compressed class ptrs, parallel gc, windows-amd64)
GC Precious Log:
 CardTable entry size: 512
 CPUs: 12 total, 12 available
 Memory: 16108M
 Large Page Support: Disabled
 NUMA Support: Disabled
 Compressed Oops: Enabled (32-bit)
 Alignments: Space 512K, Generation 512K, Heap 2M
 Heap Min Capacity: 100M
 Heap Initial Capacity: 100M
 Heap Max Capacity: 2G
 Pre-touch: Disabled
 Parallel Workers: 10
Heap:
 PSYoungGen      total 5632K, used 1536K [0x00000000d5580000, 0x00000000d5c00000, 0x0000000100000000)
  eden space 5120K, 21% used [0x00000000d5580000,0x00000000d5691970,0x00000000d5a80000)
  from space 512K, 86% used [0x00000000d5b00000,0x00000000d5b6e900,0x00000000d5b80000)
  to   space 512K, 0% used [0x00000000d5b80000,0x00000000d5b80000,0x00000000d5c00000)
 ParOldGen       total 827904K, used 297903K [0x0000000080000000, 0x00000000b2880000, 0x00000000d5580000)
  object space 827904K, 35% used [0x0000000080000000,0x00000000922ebec0,0x00000000b2880000)
 Metaspace       used 72064K, committed 73664K, reserved 1179648K
  class space    used 7210K, committed 7936K, reserved 1048576K
GC Heap History (20 events):
Event: 41.167 GC heap before
{Heap before GC invocations=1134 (full 4):
 PSYoungGen      total 6144K, used 5728K [0x00000000d5580000, 0x00000000d5d00000, 0x0000000100000000)
  eden space 5120K, 100% used [0x00000000d5580000,0x00000000d5a80000,0x00000000d5a80000)
  from space 1024K, 59% used [0x00000000d5b00000,0x00000000d5b98000,0x00000000d5c00000)
  to   space 1024K, 0% used [0x00000000d5c00000,0x00000000d5c00000,0x00000000d5d00000)
 ParOldGen       total 827904K, used 293912K [0x0000000080000000, 0x00000000b2880000, 0x00000000d5580000)
  object space 827904K, 35% used [0x0000000080000000,0x0000000091f063b8,0x00000000b2880000)
 Metaspace       used 71922K, committed 73472K, reserved 1179648K
  class space    used 7204K, committed 7936K, reserved 1048576K
}
Event: 41.169 GC heap after
{Heap after GC invocations=1134 (full 4):
 PSYoungGen      total 6144K, used 700K [0x00000000d5580000, 0x00000000d5d00000, 0x0000000100000000)
  eden space 5120K, 0% used [0x00000000d5580000,0x00000000d5580000,0x00000000d5a80000)
  from space 1024K, 68% used [0x00000000d5c00000,0x00000000d5caf258,0x00000000d5d00000)
  to   space 1024K, 0% used [0x00000000d5b00000,0x00000000d5b00000,0x00000000d5c00000)
 ParOldGen       total 827904K, used 294360K [0x0000000080000000, 0x00000000b2880000, 0x00000000d5580000)
  object space 827904K, 35% used [0x0000000080000000,0x0000000091f763d8,0x00000000b2880000)
 Metaspace       used 71922K, committed 73472K, reserved 1179648K
  class space    used 7204K, committed 7936K, reserved 1048576K
}
Event: 41.178 GC heap before
{Heap before GC invocations=1135 (full 4):
 PSYoungGen      total 6144K, used 5820K [0x00000000d5580000, 0x00000000d5d00000, 0x0000000100000000)
  eden space 5120K, 100% used [0x00000000d5580000,0x00000000d5a80000,0x00000000d5a80000)
  from space 1024K, 68% used [0x00000000d5c00000,0x00000000d5caf258,0x00000000d5d00000)
  to   space 1024K, 0% used [0x00000000d5b00000,0x00000000d5b00000,0x00000000d5c00000)
 ParOldGen       total 827904K, used 294364K [0x0000000080000000, 0x00000000b2880000, 0x00000000d5580000)
  object space 827904K, 35% used [0x0000000080000000,0x0000000091f77018,0x00000000b2880000)
 Metaspace       used 71936K, committed 73472K, reserved 1179648K
  class space    used 7205K, committed 7936K, reserved 1048576K
}
Event: 41.180 GC heap after
{Heap after GC invocations=1135 (full 4):
 PSYoungGen      total 6144K, used 923K [0x00000000d5580000, 0x00000000d5c80000, 0x0000000100000000)
  eden space 5120K, 0% used [0x00000000d5580000,0x00000000d5580000,0x00000000d5a80000)
  from space 1024K, 90% used [0x00000000d5b00000,0x00000000d5be6d58,0x00000000d5c00000)
  to   space 512K, 0% used [0x00000000d5c00000,0x00000000d5c00000,0x00000000d5c80000)
 ParOldGen       total 827904K, used 294660K [0x0000000080000000, 0x00000000b2880000, 0x00000000d5580000)
  object space 827904K, 35% used [0x0000000080000000,0x0000000091fc1018,0x00000000b2880000)
 Metaspace       used 71936K, committed 73472K, reserved 1179648K
  class space    used 7205K, committed 7936K, reserved 1048576K
}
Event: 41.189 GC heap before
{Heap before GC invocations=1136 (full 4):
 PSYoungGen      total 6144K, used 6043K [0x00000000d5580000, 0x00000000d5c80000, 0x0000000100000000)
  eden space 5120K, 100% used [0x00000000d5580000,0x00000000d5a80000,0x00000000d5a80000)
  from space 1024K, 90% used [0x00000000d5b00000,0x00000000d5be6d58,0x00000000d5c00000)
  to   space 512K, 0% used [0x00000000d5c00000,0x00000000d5c00000,0x00000000d5c80000)
 ParOldGen       total 827904K, used 294660K [0x0000000080000000, 0x00000000b2880000, 0x00000000d5580000)
  object space 827904K, 35% used [0x0000000080000000,0x0000000091fc1018,0x00000000b2880000)
 Metaspace       used 71946K, committed 73536K, reserved 1179648K
  class space    used 7205K, committed 7936K, reserved 1048576K
}
Event: 41.192 GC heap after
{Heap after GC invocations=1136 (full 4):
 PSYoungGen      total 5632K, used 448K [0x00000000d5580000, 0x00000000d5c80000, 0x0000000100000000)
  eden space 5120K, 0% used [0x00000000d5580000,0x00000000d5580000,0x00000000d5a80000)
  from space 512K, 87% used [0x00000000d5c00000,0x00000000d5c70020,0x00000000d5c80000)
  to   space 1024K, 0% used [0x00000000d5a80000,0x00000000d5a80000,0x00000000d5b80000)
 ParOldGen       total 827904K, used 295431K [0x0000000080000000, 0x00000000b2880000, 0x00000000d5580000)
  object space 827904K, 35% used [0x0000000080000000,0x0000000092081d70,0x00000000b2880000)
 Metaspace       used 71946K, committed 73536K, reserved 1179648K
  class space    used 7205K, committed 7936K, reserved 1048576K
}
Event: 41.209 GC heap before
{Heap before GC invocations=1137 (full 4):
 PSYoungGen      total 5632K, used 5224K [0x00000000d5580000, 0x00000000d5c80000, 0x0000000100000000)
  eden space 5120K, 93% used [0x00000000d5580000,0x00000000d5a2a320,0x00000000d5a80000)
  from space 512K, 87% used [0x00000000d5c00000,0x00000000d5c70020,0x00000000d5c80000)
  to   space 1024K, 0% used [0x00000000d5a80000,0x00000000d5a80000,0x00000000d5b80000)
 ParOldGen       total 827904K, used 295431K [0x0000000080000000, 0x00000000b2880000, 0x00000000d5580000)
  object space 827904K, 35% used [0x0000000080000000,0x0000000092081d70,0x00000000b2880000)
 Metaspace       used 71959K, committed 73536K, reserved 1179648K
  class space    used 7206K, committed 7936K, reserved 1048576K
}
Event: 41.210 GC heap after
{Heap after GC invocations=1137 (full 4):
 PSYoungGen      total 6144K, used 832K [0x00000000d5580000, 0x00000000d5c80000, 0x0000000100000000)
  eden space 5120K, 0% used [0x00000000d5580000,0x00000000d5580000,0x00000000d5a80000)
  from space 1024K, 81% used [0x00000000d5a80000,0x00000000d5b50020,0x00000000d5b80000)
  to   space 1024K, 0% used [0x00000000d5b80000,0x00000000d5b80000,0x00000000d5c80000)
 ParOldGen       total 827904K, used 295742K [0x0000000080000000, 0x00000000b2880000, 0x00000000d5580000)
  object space 827904K, 35% used [0x0000000080000000,0x00000000920cf8d8,0x00000000b2880000)
 Metaspace       used 71959K, committed 73536K, reserved 1179648K
  class space    used 7206K, committed 7936K, reserved 1048576K
}
Event: 41.222 GC heap before
{Heap before GC invocations=1138 (full 4):
 PSYoungGen      total 6144K, used 5952K [0x00000000d5580000, 0x00000000d5c80000, 0x0000000100000000)
  eden space 5120K, 100% used [0x00000000d5580000,0x00000000d5a80000,0x00000000d5a80000)
  from space 1024K, 81% used [0x00000000d5a80000,0x00000000d5b50020,0x00000000d5b80000)
  to   space 1024K, 0% used [0x00000000d5b80000,0x00000000d5b80000,0x00000000d5c80000)
 ParOldGen       total 827904K, used 295742K [0x0000000080000000, 0x00000000b2880000, 0x00000000d5580000)
  object space 827904K, 35% used [0x0000000080000000,0x00000000920cf8d8,0x00000000b2880000)
 Metaspace       used 71963K, committed 73536K, reserved 1179648K
  class space    used 7206K, committed 7936K, reserved 1048576K
}
Event: 41.223 GC heap after
{Heap after GC invocations=1138 (full 4):
 PSYoungGen      total 6144K, used 671K [0x00000000d5580000, 0x00000000d5c80000, 0x0000000100000000)
  eden space 5120K, 0% used [0x00000000d5580000,0x00000000d5580000,0x00000000d5a80000)
  from space 1024K, 65% used [0x00000000d5b80000,0x00000000d5c27e50,0x00000000d5c80000)
  to   space 1024K, 0% used [0x00000000d5a80000,0x00000000d5a80000,0x00000000d5b80000)
 ParOldGen       total 827904K, used 296422K [0x0000000080000000, 0x00000000b2880000, 0x00000000d5580000)
  object space 827904K, 35% used [0x0000000080000000,0x0000000092179918,0x00000000b2880000)
 Metaspace       used 71963K, committed 73536K, reserved 1179648K
  class space    used 7206K, committed 7936K, reserved 1048576K
}
Event: 41.248 GC heap before
{Heap before GC invocations=1139 (full 4):
 PSYoungGen      total 6144K, used 5791K [0x00000000d5580000, 0x00000000d5c80000, 0x0000000100000000)
  eden space 5120K, 100% used [0x00000000d5580000,0x00000000d5a80000,0x00000000d5a80000)
  from space 1024K, 65% used [0x00000000d5b80000,0x00000000d5c27e50,0x00000000d5c80000)
  to   space 1024K, 0% used [0x00000000d5a80000,0x00000000d5a80000,0x00000000d5b80000)
 ParOldGen       total 827904K, used 296422K [0x0000000080000000, 0x00000000b2880000, 0x00000000d5580000)
  object space 827904K, 35% used [0x0000000080000000,0x0000000092179918,0x00000000b2880000)
 Metaspace       used 71966K, committed 73536K, reserved 1179648K
  class space    used 7206K, committed 7936K, reserved 1048576K
}
Event: 41.249 GC heap after
{Heap after GC invocations=1139 (full 4):
 PSYoungGen      total 6144K, used 608K [0x00000000d5580000, 0x00000000d5c80000, 0x0000000100000000)
  eden space 5120K, 0% used [0x00000000d5580000,0x00000000d5580000,0x00000000d5a80000)
  from space 1024K, 59% used [0x00000000d5a80000,0x00000000d5b18000,0x00000000d5b80000)
  to   space 1024K, 0% used [0x00000000d5b80000,0x00000000d5b80000,0x00000000d5c80000)
 ParOldGen       total 827904K, used 296972K [0x0000000080000000, 0x00000000b2880000, 0x00000000d5580000)
  object space 827904K, 35% used [0x0000000080000000,0x00000000922030e8,0x00000000b2880000)
 Metaspace       used 71966K, committed 73536K, reserved 1179648K
  class space    used 7206K, committed 7936K, reserved 1048576K
}
Event: 41.317 GC heap before
{Heap before GC invocations=1140 (full 4):
 PSYoungGen      total 6144K, used 5728K [0x00000000d5580000, 0x00000000d5c80000, 0x0000000100000000)
  eden space 5120K, 100% used [0x00000000d5580000,0x00000000d5a80000,0x00000000d5a80000)
  from space 1024K, 59% used [0x00000000d5a80000,0x00000000d5b18000,0x00000000d5b80000)
  to   space 1024K, 0% used [0x00000000d5b80000,0x00000000d5b80000,0x00000000d5c80000)
 ParOldGen       total 827904K, used 296972K [0x0000000080000000, 0x00000000b2880000, 0x00000000d5580000)
  object space 827904K, 35% used [0x0000000080000000,0x00000000922030e8,0x00000000b2880000)
 Metaspace       used 71988K, committed 73536K, reserved 1179648K
  class space    used 7206K, committed 7936K, reserved 1048576K
}
Event: 41.319 GC heap after
{Heap after GC invocations=1140 (full 4):
 PSYoungGen      total 6144K, used 563K [0x00000000d5580000, 0x00000000d5c80000, 0x0000000100000000)
  eden space 5120K, 0% used [0x00000000d5580000,0x00000000d5580000,0x00000000d5a80000)
  from space 1024K, 54% used [0x00000000d5b80000,0x00000000d5c0cc30,0x00000000d5c80000)
  to   space 1024K, 0% used [0x00000000d5a80000,0x00000000d5a80000,0x00000000d5b80000)
 ParOldGen       total 827904K, used 297433K [0x0000000080000000, 0x00000000b2880000, 0x00000000d5580000)
  object space 827904K, 35% used [0x0000000080000000,0x0000000092276508,0x00000000b2880000)
 Metaspace       used 71988K, committed 73536K, reserved 1179648K
  class space    used 7206K, committed 7936K, reserved 1048576K
}
Event: 41.342 GC heap before
{Heap before GC invocations=1141 (full 4):
 PSYoungGen      total 6144K, used 5683K [0x00000000d5580000, 0x00000000d5c80000, 0x0000000100000000)
  eden space 5120K, 100% used [0x00000000d5580000,0x00000000d5a80000,0x00000000d5a80000)
  from space 1024K, 54% used [0x00000000d5b80000,0x00000000d5c0cc30,0x00000000d5c80000)
  to   space 1024K, 0% used [0x00000000d5a80000,0x00000000d5a80000,0x00000000d5b80000)
 ParOldGen       total 827904K, used 297433K [0x0000000080000000, 0x00000000b2880000, 0x00000000d5580000)
  object space 827904K, 35% used [0x0000000080000000,0x0000000092276508,0x00000000b2880000)
 Metaspace       used 71997K, committed 73600K, reserved 1179648K
  class space    used 7206K, committed 7936K, reserved 1048576K
}
Event: 41.344 GC heap after
{Heap after GC invocations=1141 (full 4):
 PSYoungGen      total 6144K, used 288K [0x00000000d5580000, 0x00000000d5c00000, 0x0000000100000000)
  eden space 5120K, 0% used [0x00000000d5580000,0x00000000d5580000,0x00000000d5a80000)
  from space 1024K, 28% used [0x00000000d5a80000,0x00000000d5ac8000,0x00000000d5b80000)
  to   space 512K, 0% used [0x00000000d5b80000,0x00000000d5b80000,0x00000000d5c00000)
 ParOldGen       total 827904K, used 297671K [0x0000000080000000, 0x00000000b2880000, 0x00000000d5580000)
  object space 827904K, 35% used [0x0000000080000000,0x00000000922b1ec0,0x00000000b2880000)
 Metaspace       used 71997K, committed 73600K, reserved 1179648K
  class space    used 7206K, committed 7936K, reserved 1048576K
}
Event: 41.374 GC heap before
{Heap before GC invocations=1142 (full 4):
 PSYoungGen      total 6144K, used 5408K [0x00000000d5580000, 0x00000000d5c00000, 0x0000000100000000)
  eden space 5120K, 100% used [0x00000000d5580000,0x00000000d5a80000,0x00000000d5a80000)
  from space 1024K, 28% used [0x00000000d5a80000,0x00000000d5ac8000,0x00000000d5b80000)
  to   space 512K, 0% used [0x00000000d5b80000,0x00000000d5b80000,0x00000000d5c00000)
 ParOldGen       total 827904K, used 297671K [0x0000000080000000, 0x00000000b2880000, 0x00000000d5580000)
  object space 827904K, 35% used [0x0000000080000000,0x00000000922b1ec0,0x00000000b2880000)
 Metaspace       used 72009K, committed 73600K, reserved 1179648K
  class space    used 7206K, committed 7936K, reserved 1048576K
}
Event: 41.376 GC heap after
{Heap after GC invocations=1142 (full 4):
 PSYoungGen      total 5632K, used 288K [0x00000000d5580000, 0x00000000d5c00000, 0x0000000100000000)
  eden space 5120K, 0% used [0x00000000d5580000,0x00000000d5580000,0x00000000d5a80000)
  from space 512K, 56% used [0x00000000d5b80000,0x00000000d5bc8000,0x00000000d5c00000)
  to   space 512K, 0% used [0x00000000d5b00000,0x00000000d5b00000,0x00000000d5b80000)
 ParOldGen       total 827904K, used 297727K [0x0000000080000000, 0x00000000b2880000, 0x00000000d5580000)
  object space 827904K, 35% used [0x0000000080000000,0x00000000922bfec0,0x00000000b2880000)
 Metaspace       used 72009K, committed 73600K, reserved 1179648K
  class space    used 7206K, committed 7936K, reserved 1048576K
}
Event: 41.401 GC heap before
{Heap before GC invocations=1143 (full 4):
 PSYoungGen      total 5632K, used 5408K [0x00000000d5580000, 0x00000000d5c00000, 0x0000000100000000)
  eden space 5120K, 100% used [0x00000000d5580000,0x00000000d5a80000,0x00000000d5a80000)
  from space 512K, 56% used [0x00000000d5b80000,0x00000000d5bc8000,0x00000000d5c00000)
  to   space 512K, 0% used [0x00000000d5b00000,0x00000000d5b00000,0x00000000d5b80000)
 ParOldGen       total 827904K, used 297727K [0x0000000080000000, 0x00000000b2880000, 0x00000000d5580000)
  object space 827904K, 35% used [0x0000000080000000,0x00000000922bfec0,0x00000000b2880000)
 Metaspace       used 72015K, committed 73600K, reserved 1179648K
  class space    used 7206K, committed 7936K, reserved 1048576K
}
Event: 41.402 GC heap after
{Heap after GC invocations=1143 (full 4):
 PSYoungGen      total 5632K, used 352K [0x00000000d5580000, 0x00000000d5c00000, 0x0000000100000000)
  eden space 5120K, 0% used [0x00000000d5580000,0x00000000d5580000,0x00000000d5a80000)
  from space 512K, 68% used [0x00000000d5b00000,0x00000000d5b58000,0x00000000d5b80000)
  to   space 512K, 0% used [0x00000000d5b80000,0x00000000d5b80000,0x00000000d5c00000)
 ParOldGen       total 827904K, used 297783K [0x0000000080000000, 0x00000000b2880000, 0x00000000d5580000)
  object space 827904K, 35% used [0x0000000080000000,0x00000000922cdec0,0x00000000b2880000)
 Metaspace       used 72015K, committed 73600K, reserved 1179648K
  class space    used 7206K, committed 7936K, reserved 1048576K
}

