# JRE version: OpenJDK Runtime Environment Temurin-21.0.8+9 (21.0.8+9) (build 21.0.8+9-LTS)
# Java VM: OpenJDK 64-Bit Server VM Temurin-21.0.8+9 (21.0.8+9-LTS, mixed mode, sharing, tiered, compressed oops, compressed class ptrs, parallel gc, windows-amd64)
GC Precious Log:
 CardTable entry size: 512
 CPUs: 12 total, 12 available
 Memory: 16108M
 Large Page Support: Disabled
 NUMA Support: Disabled
 Compressed Oops: Enabled (32-bit)
 Alignments: Space 512K, Generation 512K, Heap 2M
 Heap Min Capacity: 100M
 Heap Initial Capacity: 100M
 Heap Max Capacity: 2G
 Pre-touch: Disabled
 Parallel Workers: 10
Heap:
 PSYoungGen      total 16384K, used 8753K [0x00000000d5580000, 0x00000000d6b00000, 0x0000000100000000)
  eden space 10240K, 39% used [0x00000000d5580000,0x00000000d597c6e8,0x00000000d5f80000)
  from space 6144K, 76% used [0x00000000d6500000,0x00000000d6990000,0x00000000d6b00000)
  to   space 5632K, 0% used [0x00000000d5f80000,0x00000000d5f80000,0x00000000d6500000)
 ParOldGen       total 875520K, used 875026K [0x0000000080000000, 0x00000000b5700000, 0x00000000d5580000)
  object space 875520K, 99% used [0x0000000080000000,0x00000000b5684a60,0x00000000b5700000)
 Metaspace       used 70899K, committed 72448K, reserved 1114112K
  class space    used 7201K, committed 7872K, reserved 1048576K
GC Heap History (20 events):
Event: 37.405 GC heap before
{Heap before GC invocations=1148 (full 3):
 PSYoungGen      total 7168K, used 6816K [0x00000000d5580000, 0x00000000d6000000, 0x0000000100000000)
  eden space 4608K, 100% used [0x00000000d5580000,0x00000000d5a00000,0x00000000d5a00000)
  from space 2560K, 86% used [0x00000000d5d80000,0x00000000d5fa8000,0x00000000d6000000)
  to   space 2560K, 0% used [0x00000000d5b00000,0x00000000d5b00000,0x00000000d5d80000)
 ParOldGen       total 843776K, used 843762K [0x0000000080000000, 0x00000000b3800000, 0x00000000d5580000)
  object space 843776K, 99% used [0x0000000080000000,0x00000000b37fca60,0x00000000b3800000)
 Metaspace       used 70878K, committed 72448K, reserved 1114112K
  class space    used 7201K, committed 7872K, reserved 1048576K
}
Event: 37.411 GC heap after
{Heap after GC invocations=1148 (full 3):
 PSYoungGen      total 7168K, used 2187K [0x00000000d5580000, 0x00000000d5f00000, 0x0000000100000000)
  eden space 4608K, 0% used [0x00000000d5580000,0x00000000d5580000,0x00000000d5a00000)
  from space 2560K, 85% used [0x00000000d5b00000,0x00000000d5d22fa8,0x00000000d5d80000)
  to   space 1536K, 0% used [0x00000000d5d80000,0x00000000d5d80000,0x00000000d5f00000)
 ParOldGen       total 846336K, used 845874K [0x0000000080000000, 0x00000000b3a80000, 0x00000000d5580000)
  object space 846336K, 99% used [0x0000000080000000,0x00000000b3a0ca60,0x00000000b3a80000)
 Metaspace       used 70878K, committed 72448K, reserved 1114112K
  class space    used 7201K, committed 7872K, reserved 1048576K
}
Event: 37.425 GC heap before
{Heap before GC invocations=1149 (full 3):
 PSYoungGen      total 7168K, used 6795K [0x00000000d5580000, 0x00000000d5f00000, 0x0000000100000000)
  eden space 4608K, 100% used [0x00000000d5580000,0x00000000d5a00000,0x00000000d5a00000)
  from space 2560K, 85% used [0x00000000d5b00000,0x00000000d5d22fa8,0x00000000d5d80000)
  to   space 1536K, 0% used [0x00000000d5d80000,0x00000000d5d80000,0x00000000d5f00000)
 ParOldGen       total 846336K, used 845874K [0x0000000080000000, 0x00000000b3a80000, 0x00000000d5580000)
  object space 846336K, 99% used [0x0000000080000000,0x00000000b3a0ca60,0x00000000b3a80000)
 Metaspace       used 70878K, committed 72448K, reserved 1114112K
  class space    used 7201K, committed 7872K, reserved 1048576K
}
Event: 37.430 GC heap after
{Heap after GC invocations=1149 (full 3):
 PSYoungGen      total 4608K, used 1536K [0x00000000d5580000, 0x00000000d6500000, 0x0000000100000000)
  eden space 3072K, 0% used [0x00000000d5580000,0x00000000d5580000,0x00000000d5880000)
  from space 1536K, 100% used [0x00000000d5d80000,0x00000000d5f00000,0x00000000d5f00000)
  to   space 5120K, 0% used [0x00000000d5880000,0x00000000d5880000,0x00000000d5d80000)
 ParOldGen       total 848896K, used 848658K [0x0000000080000000, 0x00000000b3d00000, 0x00000000d5580000)
  object space 848896K, 99% used [0x0000000080000000,0x00000000b3cc4a60,0x00000000b3d00000)
 Metaspace       used 70878K, committed 72448K, reserved 1114112K
  class space    used 7201K, committed 7872K, reserved 1048576K
}
Event: 37.438 GC heap before
{Heap before GC invocations=1150 (full 3):
 PSYoungGen      total 4608K, used 4608K [0x00000000d5580000, 0x00000000d6500000, 0x0000000100000000)
  eden space 3072K, 100% used [0x00000000d5580000,0x00000000d5880000,0x00000000d5880000)
  from space 1536K, 100% used [0x00000000d5d80000,0x00000000d5f00000,0x00000000d5f00000)
  to   space 5120K, 0% used [0x00000000d5880000,0x00000000d5880000,0x00000000d5d80000)
 ParOldGen       total 848896K, used 848658K [0x0000000080000000, 0x00000000b3d00000, 0x00000000d5580000)
  object space 848896K, 99% used [0x0000000080000000,0x00000000b3cc4a60,0x00000000b3d00000)
 Metaspace       used 70878K, committed 72448K, reserved 1114112K
  class space    used 7201K, committed 7872K, reserved 1048576K
}
Event: 37.443 GC heap after
{Heap after GC invocations=1150 (full 3):
 PSYoungGen      total 5120K, used 1600K [0x00000000d5580000, 0x00000000d5f80000, 0x0000000100000000)
  eden space 3072K, 0% used [0x00000000d5580000,0x00000000d5580000,0x00000000d5880000)
  from space 2048K, 78% used [0x00000000d5880000,0x00000000d5a10000,0x00000000d5a80000)
  to   space 3072K, 0% used [0x00000000d5c80000,0x00000000d5c80000,0x00000000d5f80000)
 ParOldGen       total 850432K, used 850242K [0x0000000080000000, 0x00000000b3e80000, 0x00000000d5580000)
  object space 850432K, 99% used [0x0000000080000000,0x00000000b3e50a60,0x00000000b3e80000)
 Metaspace       used 70878K, committed 72448K, reserved 1114112K
  class space    used 7201K, committed 7872K, reserved 1048576K
}
Event: 37.454 GC heap before
{Heap before GC invocations=1151 (full 3):
 PSYoungGen      total 5120K, used 4672K [0x00000000d5580000, 0x00000000d5f80000, 0x0000000100000000)
  eden space 3072K, 100% used [0x00000000d5580000,0x00000000d5880000,0x00000000d5880000)
  from space 2048K, 78% used [0x00000000d5880000,0x00000000d5a10000,0x00000000d5a80000)
  to   space 3072K, 0% used [0x00000000d5c80000,0x00000000d5c80000,0x00000000d5f80000)
 ParOldGen       total 850432K, used 850242K [0x0000000080000000, 0x00000000b3e80000, 0x00000000d5580000)
  object space 850432K, 99% used [0x0000000080000000,0x00000000b3e50a60,0x00000000b3e80000)
 Metaspace       used 70878K, committed 72448K, reserved 1114112K
  class space    used 7201K, committed 7872K, reserved 1048576K
}
Event: 37.460 GC heap after
{Heap after GC invocations=1151 (full 3):
 PSYoungGen      total 6656K, used 2272K [0x00000000d5580000, 0x00000000d5f00000, 0x0000000100000000)
  eden space 4096K, 0% used [0x00000000d5580000,0x00000000d5580000,0x00000000d5980000)
  from space 2560K, 88% used [0x00000000d5c80000,0x00000000d5eb8000,0x00000000d5f00000)
  to   space 2560K, 0% used [0x00000000d5a00000,0x00000000d5a00000,0x00000000d5c80000)
 ParOldGen       total 851968K, used 851722K [0x0000000080000000, 0x00000000b4000000, 0x00000000d5580000)
  object space 851968K, 99% used [0x0000000080000000,0x00000000b3fc2a60,0x00000000b4000000)
 Metaspace       used 70878K, committed 72448K, reserved 1114112K
  class space    used 7201K, committed 7872K, reserved 1048576K
}
Event: 37.473 GC heap before
{Heap before GC invocations=1152 (full 3):
 PSYoungGen      total 6656K, used 6368K [0x00000000d5580000, 0x00000000d5f00000, 0x0000000100000000)
  eden space 4096K, 100% used [0x00000000d5580000,0x00000000d5980000,0x00000000d5980000)
  from space 2560K, 88% used [0x00000000d5c80000,0x00000000d5eb8000,0x00000000d5f00000)
  to   space 2560K, 0% used [0x00000000d5a00000,0x00000000d5a00000,0x00000000d5c80000)
 ParOldGen       total 851968K, used 851722K [0x0000000080000000, 0x00000000b4000000, 0x00000000d5580000)
  object space 851968K, 99% used [0x0000000080000000,0x00000000b3fc2a60,0x00000000b4000000)
 Metaspace       used 70878K, committed 72448K, reserved 1114112K
  class space    used 7201K, committed 7872K, reserved 1048576K
}
Event: 37.477 GC heap after
{Heap after GC invocations=1152 (full 3):
 PSYoungGen      total 7168K, used 2560K [0x00000000d5580000, 0x00000000d6580000, 0x0000000100000000)
  eden space 4608K, 0% used [0x00000000d5580000,0x00000000d5580000,0x00000000d5a00000)
  from space 2560K, 100% used [0x00000000d5a00000,0x00000000d5c80000,0x00000000d5c80000)
  to   space 5632K, 0% used [0x00000000d6000000,0x00000000d6000000,0x00000000d6580000)
 ParOldGen       total 854528K, used 854162K [0x0000000080000000, 0x00000000b4280000, 0x00000000d5580000)
  object space 854528K, 99% used [0x0000000080000000,0x00000000b4224a60,0x00000000b4280000)
 Metaspace       used 70878K, committed 72448K, reserved 1114112K
  class space    used 7201K, committed 7872K, reserved 1048576K
}
Event: 37.491 GC heap before
{Heap before GC invocations=1153 (full 3):
 PSYoungGen      total 7168K, used 7167K [0x00000000d5580000, 0x00000000d6580000, 0x0000000100000000)
  eden space 4608K, 99% used [0x00000000d5580000,0x00000000d59ffff0,0x00000000d5a00000)
  from space 2560K, 100% used [0x00000000d5a00000,0x00000000d5c80000,0x00000000d5c80000)
  to   space 5632K, 0% used [0x00000000d6000000,0x00000000d6000000,0x00000000d6580000)
 ParOldGen       total 854528K, used 854162K [0x0000000080000000, 0x00000000b4280000, 0x00000000d5580000)
  object space 854528K, 99% used [0x0000000080000000,0x00000000b4224a60,0x00000000b4280000)
 Metaspace       used 70878K, committed 72448K, reserved 1114112K
  class space    used 7201K, committed 7872K, reserved 1048576K
}
Event: 37.496 GC heap after
{Heap after GC invocations=1153 (full 3):
 PSYoungGen      total 9216K, used 3584K [0x00000000d5580000, 0x00000000d6380000, 0x0000000100000000)
  eden space 5632K, 0% used [0x00000000d5580000,0x00000000d5580000,0x00000000d5b00000)
  from space 3584K, 100% used [0x00000000d6000000,0x00000000d6380000,0x00000000d6380000)
  to   space 4096K, 0% used [0x00000000d5b80000,0x00000000d5b80000,0x00000000d5f80000)
 ParOldGen       total 857088K, used 856746K [0x0000000080000000, 0x00000000b4500000, 0x00000000d5580000)
  object space 857088K, 99% used [0x0000000080000000,0x00000000b44aaa60,0x00000000b4500000)
 Metaspace       used 70878K, committed 72448K, reserved 1114112K
  class space    used 7201K, committed 7872K, reserved 1048576K
}
Event: 37.506 GC heap before
{Heap before GC invocations=1154 (full 3):
 PSYoungGen      total 9216K, used 9216K [0x00000000d5580000, 0x00000000d6380000, 0x0000000100000000)
  eden space 5632K, 100% used [0x00000000d5580000,0x00000000d5b00000,0x00000000d5b00000)
  from space 3584K, 100% used [0x00000000d6000000,0x00000000d6380000,0x00000000d6380000)
  to   space 4096K, 0% used [0x00000000d5b80000,0x00000000d5b80000,0x00000000d5f80000)
 ParOldGen       total 857088K, used 856746K [0x0000000080000000, 0x00000000b4500000, 0x00000000d5580000)
  object space 857088K, 99% used [0x0000000080000000,0x00000000b44aaa60,0x00000000b4500000)
 Metaspace       used 70878K, committed 72448K, reserved 1114112K
  class space    used 7201K, committed 7872K, reserved 1048576K
}
Event: 37.512 GC heap after
{Heap after GC invocations=1154 (full 3):
 PSYoungGen      total 10240K, used 4096K [0x00000000d5580000, 0x00000000d6d80000, 0x0000000100000000)
  eden space 6144K, 0% used [0x00000000d5580000,0x00000000d5580000,0x00000000d5b80000)
  from space 4096K, 100% used [0x00000000d5b80000,0x00000000d5f80000,0x00000000d5f80000)
  to   space 8704K, 0% used [0x00000000d6500000,0x00000000d6500000,0x00000000d6d80000)
 ParOldGen       total 860672K, used 860410K [0x0000000080000000, 0x00000000b4880000, 0x00000000d5580000)
  object space 860672K, 99% used [0x0000000080000000,0x00000000b483ea60,0x00000000b4880000)
 Metaspace       used 70878K, committed 72448K, reserved 1114112K
  class space    used 7201K, committed 7872K, reserved 1048576K
}
Event: 37.528 GC heap before
{Heap before GC invocations=1155 (full 3):
 PSYoungGen      total 10240K, used 10240K [0x00000000d5580000, 0x00000000d6d80000, 0x0000000100000000)
  eden space 6144K, 100% used [0x00000000d5580000,0x00000000d5b80000,0x00000000d5b80000)
  from space 4096K, 100% used [0x00000000d5b80000,0x00000000d5f80000,0x00000000d5f80000)
  to   space 8704K, 0% used [0x00000000d6500000,0x00000000d6500000,0x00000000d6d80000)
 ParOldGen       total 860672K, used 860410K [0x0000000080000000, 0x00000000b4880000, 0x00000000d5580000)
  object space 860672K, 99% used [0x0000000080000000,0x00000000b483ea60,0x00000000b4880000)
 Metaspace       used 70878K, committed 72448K, reserved 1114112K
  class space    used 7201K, committed 7872K, reserved 1048576K
}
Event: 37.534 GC heap after
{Heap after GC invocations=1155 (full 3):
 PSYoungGen      total 12800K, used 4768K [0x00000000d5580000, 0x00000000d6a00000, 0x0000000100000000)
  eden space 7680K, 0% used [0x00000000d5580000,0x00000000d5580000,0x00000000d5d00000)
  from space 5120K, 93% used [0x00000000d6500000,0x00000000d69a8000,0x00000000d6a00000)
  to   space 6144K, 0% used [0x00000000d5e00000,0x00000000d5e00000,0x00000000d6400000)
 ParOldGen       total 864768K, used 864514K [0x0000000080000000, 0x00000000b4c80000, 0x00000000d5580000)
  object space 864768K, 99% used [0x0000000080000000,0x00000000b4c40a60,0x00000000b4c80000)
 Metaspace       used 70878K, committed 72448K, reserved 1114112K
  class space    used 7201K, committed 7872K, reserved 1048576K
}
Event: 37.556 GC heap before
{Heap before GC invocations=1156 (full 3):
 PSYoungGen      total 12800K, used 12448K [0x00000000d5580000, 0x00000000d6a00000, 0x0000000100000000)
  eden space 7680K, 100% used [0x00000000d5580000,0x00000000d5d00000,0x00000000d5d00000)
  from space 5120K, 93% used [0x00000000d6500000,0x00000000d69a8000,0x00000000d6a00000)
  to   space 6144K, 0% used [0x00000000d5e00000,0x00000000d5e00000,0x00000000d6400000)
 ParOldGen       total 864768K, used 864514K [0x0000000080000000, 0x00000000b4c80000, 0x00000000d5580000)
  object space 864768K, 99% used [0x0000000080000000,0x00000000b4c40a60,0x00000000b4c80000)
 Metaspace       used 70878K, committed 72448K, reserved 1114112K
  class space    used 7201K, committed 7872K, reserved 1048576K
}
Event: 37.564 GC heap after
{Heap after GC invocations=1156 (full 3):
 PSYoungGen      total 14848K, used 5952K [0x00000000d5580000, 0x00000000d6b80000, 0x0000000100000000)
  eden space 8704K, 0% used [0x00000000d5580000,0x00000000d5580000,0x00000000d5e00000)
  from space 6144K, 96% used [0x00000000d5e00000,0x00000000d63d0000,0x00000000d6400000)
  to   space 6656K, 0% used [0x00000000d6500000,0x00000000d6500000,0x00000000d6b80000)
 ParOldGen       total 869376K, used 869170K [0x0000000080000000, 0x00000000b5100000, 0x00000000d5580000)
  object space 869376K, 99% used [0x0000000080000000,0x00000000b50cca60,0x00000000b5100000)
 Metaspace       used 70878K, committed 72448K, reserved 1114112K
  class space    used 7201K, committed 7872K, reserved 1048576K
}
Event: 40.880 GC heap before
{Heap before GC invocations=1157 (full 3):
 PSYoungGen      total 14848K, used 14656K [0x00000000d5580000, 0x00000000d6b80000, 0x0000000100000000)
  eden space 8704K, 100% used [0x00000000d5580000,0x00000000d5e00000,0x00000000d5e00000)
  from space 6144K, 96% used [0x00000000d5e00000,0x00000000d63d0000,0x00000000d6400000)
  to   space 6656K, 0% used [0x00000000d6500000,0x00000000d6500000,0x00000000d6b80000)
 ParOldGen       total 869376K, used 869170K [0x0000000080000000, 0x00000000b5100000, 0x00000000d5580000)
  object space 869376K, 99% used [0x0000000080000000,0x00000000b50cca60,0x00000000b5100000)
 Metaspace       used 70893K, committed 72448K, reserved 1114112K
  class space    used 7201K, committed 7872K, reserved 1048576K
}
Event: 40.886 GC heap after
{Heap after GC invocations=1157 (full 3):
 PSYoungGen      total 16384K, used 4672K [0x00000000d5580000, 0x00000000d6b00000, 0x0000000100000000)
  eden space 10240K, 0% used [0x00000000d5580000,0x00000000d5580000,0x00000000d5f80000)
  from space 6144K, 76% used [0x00000000d6500000,0x00000000d6990000,0x00000000d6b00000)
  to   space 5632K, 0% used [0x00000000d5f80000,0x00000000d5f80000,0x00000000d6500000)
 ParOldGen       total 875520K, used 875026K [0x0000000080000000, 0x00000000b5700000, 0x00000000d5580000)
  object space 875520K, 99% used [0x0000000080000000,0x00000000b5684a60,0x00000000b5700000)
 Metaspace       used 70893K, committed 72448K, reserved 1114112K
  class space    used 7201K, committed 7872K, reserved 1048576K
}

